0 info it worked if it ends with ok
1 verbose cli [ 'C:\\Program Files\\nodejs\\node.exe',
1 verbose cli   'C:\\Users\\liam\\AppData\\Roaming\\npm\\node_modules\\npm\\bin\\npm-cli.js',
1 verbose cli   'start' ]
2 info using npm@4.1.2
3 info using node@v8.9.0
4 verbose run-script [ 'prestart', 'start', 'poststart' ]
5 info lifecycle authorquiz@0.1.0~prestart: authorquiz@0.1.0
6 silly lifecycle authorquiz@0.1.0~prestart: no script for prestart, continuing
7 info lifecycle authorquiz@0.1.0~start: authorquiz@0.1.0
8 verbose lifecycle authorquiz@0.1.0~start: unsafe-perm in lifecycle true
9 verbose lifecycle authorquiz@0.1.0~start: PATH: C:\Users\liam\AppData\Roaming\npm\node_modules\npm\bin\node-gyp-bin;C:\Users\liam\Dropbox\ps-liam\react-fundamentals-update\react-fundamentals-update-m6\demos\authorquiz\node_modules\.bin;C:\Program Files\Git\mingw64\bin;C:\Program Files\Git\usr\bin;C:\Users\liam\bin;C:\ProgramData\Oracle\Java\javapath;C:\Program Files\Dell\DW WLAN Card;C:\Program Files (x86)\Intel\iCLS Client;C:\Program Files\Intel\iCLS Client;C:\Windows\system32;C:\Windows;C:\Windows\System32\Wbem;C:\Windows\System32\WindowsPowerShell\v1.0;C:\Program Files (x86)\Intel\Intel(R) Management Engine Components\DAL;C:\Program Files\Intel\Intel(R) Management Engine Components\DAL;C:\Program Files (x86)\Intel\Intel(R) Management Engine Components\IPT;C:\Program Files\Intel\Intel(R) Management Engine Components\IPT;C:\Program Files\WIDCOMM\Bluetooth Software;C:\Program Files\WIDCOMM\Bluetooth Software\syswow64;C:\Program Files (x86)\NVIDIA Corporation\PhysX\Common;C:\Users\liam\.dnx\bin;C:\Program Files\Microsoft DNX\Dnvm;C:\ProgramData\chocolatey\bin;C:\Program Files (x86)\GitExtensions;C:\Program Files\Microsoft\Web Platform Installer;C:\WINDOWS\system32;C:\WINDOWS;C:\WINDOWS\System32\Wbem;C:\WINDOWS\System32\WindowsPowerShell\v1.0;C:\Program Files (x86)\sbt\bin;C:\Program Files (x86)\scala\bin;C:\Program Files (x86)\QuickTime\QTSystem;C:\Program Files\Microsoft SQL Server\120\Tools\Binn;C:\Program Files\Microsoft SQL Server\130\Tools\Binn;C:\Program Files\Git\cmd;C:\Program Files (x86)\Common Files\Adobe\AGL;C:\Program Files (x86)\GtkSharp\2.12\bin;C:\Program Files\Common Files\Autodesk Shared;C:\Program Files (x86)\Autodesk\Backburner;C:\Program Files\Microsoft SQL Server\Client SDK\ODBC\130\Tools\Binn;C:\Program Files (x86)\Microsoft SQL Server\130\Tools\Binn;C:\Program Files\Microsoft SQL Server\130\DTS\Binn;C:\Program Files (x86)\Microsoft SQL Server\Client SDK\ODBC\130\Tools\Binn;C:\Program Files (x86)\Microsoft SQL Server\130\DTS\Binn;C:\Program Files (x86)\Microsoft SQL Server\130\Tools\Binn\ManagementStudio;C:\Program Files (x86)\Microsoft SDKs\F#\4.0\Framework\v4.0;C:\Program Files (x86)\Yarn\bin;C:\Program Files\dotnet;C:\Program Files (x86)\Windows Kits\8.0\Windows Performance Toolkit;C:\Program Files (x86)\Skype\Phone;C:\Program Files\nodejs;C:\Users\liam\.dnx\bin;C:\Program Files (x86)\Elm Platform\0.16\bin;C:\Users\liam\AppData\Local\atom\bin;C:\Users\liam\AppData\Local\Pandoc;C:\Program Files (x86)\Microsoft VS Code\bin;C:\Program Files (x86)\Microsoft VS Code;C:\Program Files\West Wind WebSurge;C:\Users\liam\AppData\Local\Microsoft\WindowsApps;C:\Users\liam\AppData\Local\Yarn\.bin;C:\Users\liam\AppData\Local\Programs\Fiddler;C:\Users\liam\AppData\Roaming\npm;C:\Users\liam\AppData\Local\Microsoft\WindowsApps;C:\Users\liam\AppData\Local\inkdrop\bin
10 verbose lifecycle authorquiz@0.1.0~start: CWD: C:\Users\liam\Dropbox\ps-liam\react-fundamentals-update\react-fundamentals-update-m6\demos\authorquiz
11 silly lifecycle authorquiz@0.1.0~start: Args: [ '/d /s /c', 'react-scripts start' ]
12 silly lifecycle authorquiz@0.1.0~start: Returned: code: 3221225786  signal: null
13 info lifecycle authorquiz@0.1.0~start: Failed to exec start script
14 verbose stack Error: authorquiz@0.1.0 start: `react-scripts start`
14 verbose stack Exit status 3221225786
14 verbose stack     at EventEmitter.<anonymous> (C:\Users\liam\AppData\Roaming\npm\node_modules\npm\lib\utils\lifecycle.js:279:16)
14 verbose stack     at emitTwo (events.js:126:13)
14 verbose stack     at EventEmitter.emit (events.js:214:7)
14 verbose stack     at ChildProcess.<anonymous> (C:\Users\liam\AppData\Roaming\npm\node_modules\npm\lib\utils\spawn.js:40:14)
14 verbose stack     at emitTwo (events.js:126:13)
14 verbose stack     at ChildProcess.emit (events.js:214:7)
14 verbose stack     at maybeClose (internal/child_process.js:925:16)
14 verbose stack     at Process.ChildProcess._handle.onexit (internal/child_process.js:209:5)
15 verbose pkgid authorquiz@0.1.0
16 verbose cwd C:\Users\liam\Dropbox\ps-liam\react-fundamentals-update\react-fundamentals-update-m6\demos\authorquiz
17 error Windows_NT 10.0.16299
18 error argv "C:\\Program Files\\nodejs\\node.exe" "C:\\Users\\liam\\AppData\\Roaming\\npm\\node_modules\\npm\\bin\\npm-cli.js" "start"
19 error node v8.9.0
20 error npm  v4.1.2
21 error code ELIFECYCLE
22 error authorquiz@0.1.0 start: `react-scripts start`
22 error Exit status 3221225786
23 error Failed at the authorquiz@0.1.0 start script 'react-scripts start'.
23 error Make sure you have the latest version of node.js and npm installed.
23 error If you do, this is most likely a problem with the authorquiz package,
23 error not with npm itself.
23 error Tell the author that this fails on your system:
23 error     react-scripts start
23 error You can get information on how to open an issue for this project with:
23 error     npm bugs authorquiz
23 error Or if that isn't available, you can get their info via:
23 error     npm owner ls authorquiz
23 error There is likely additional logging output above.
24 verbose exit [ 1, true ]
